================================================================
Program: CD-HIT, V4.7 (+OpenMP), Jul 09 2017, 23:50:55
Command:
         /home/oasis/data/NGS-ann-project/apps/cd-hit/cd-hit-est
         -i 1517522475.fas.0 -d 0 -o 1517522475.fas.1 -c 1.0 -n
         10 -l 11 -r 0 -G 1 -g 1 -b 20 -s 0.0 -aL 0.0 -aS 0.0
         -T 4 -M 32000

Started: Thu Feb  1 21:57:36 2018
================================================================
                            Output                              
----------------------------------------------------------------
total seq: 728
longest and shortest : 609 and 167
Total letters: 405492
Sequences have been sorted

Approximated minimal memory consumption:
Sequence        : 0M
Buffer          : 4 X 12M = 48M
Table           : 2 X 16M = 33M
Miscellaneous   : 0M
Total           : 82M

Table limit with the given memory limit:
Max number of representatives: 4000000
Max number of word counting entries: 3989648092

# comparing sequences from          0  to        728
---------- new table with      112 representatives

      728  finished        112  clusters

Apprixmated maximum memory consumption: 83M
writing new database
writing clustering information
program completed !

Total CPU time 0.25
